Build started 2016-02-22 오후 3:08:23.
     1>Project "C:\workspace\01.reference\media-processing-system\library\network\rtsp\dk_rtsp_server\dk_rtsp_server.vcxproj" on node 2 (Build target(s)).
     1>ClCompile:
         C:\Program Files (x86)\Microsoft Visual Studio 12.0\VC\bin\CL.exe /c /Zi /nologo /W3 /WX- /sdl /O2 /Oi /Oy- /GL /D WIN32 /D NDEBUG /D _WINDOWS /D _USRDLL /D DK_RTSP_SERVER_EXPORTS /D _WINDLL /D _UNICODE /D UNICODE /Gm- /EHsc /MD /GS /Gy /fp:precise /Zc:wchar_t /Zc:forScope /Fo"Release\\" /Fd"Release\vc120.pdb" /Gd /TP /analyze- /errorReport:prompt source\byte_stream_shared_memory_source.cpp source\dk_rtsp_server.cpp source\framed_shared_memory_source.cpp source\h264_video_shared_memory_sms.cpp source\rtsp_server.cpp source\session_queue_manager.cpp source\shared_memory_queue_manager.cpp source\shared_memory_sms.cpp
         byte_stream_shared_memory_source.cpp
     1>source\byte_stream_shared_memory_source.cpp(1): fatal error C1083: Cannot open include file: 'byte_stream_shared_memory_source.h': No such file or directory
         dk_rtsp_server.cpp
     1>source\dk_rtsp_server.cpp(5): fatal error C1083: Cannot open include file: 'stdafx.h': No such file or directory
         framed_shared_memory_source.cpp
     1>source\framed_shared_memory_source.cpp(1): fatal error C1083: Cannot open include file: 'framed_shared_memory_source.h': No such file or directory
         h264_video_shared_memory_sms.cpp
     1>source\h264_video_shared_memory_sms.cpp(1): fatal error C1083: Cannot open include file: 'h264_video_shared_memory_sms.h': No such file or directory
         rtsp_server.cpp
     1>source\rtsp_server.cpp(1): fatal error C1083: Cannot open include file: 'vmxnet_rtsp_server.h': No such file or directory
         session_queue_manager.cpp
     1>source\session_queue_manager.cpp(1): fatal error C1083: Cannot open include file: 'GroupsockHelper.hh': No such file or directory
         shared_memory_queue_manager.cpp
     1>source\shared_memory_queue_manager.cpp(1): fatal error C1083: Cannot open include file: 'define.h': No such file or directory
         shared_memory_sms.cpp
     1>source\shared_memory_sms.cpp(1): fatal error C1083: Cannot open include file: 'shared_memory_sms.h': No such file or directory
     1>Done Building Project "C:\workspace\01.reference\media-processing-system\library\network\rtsp\dk_rtsp_server\dk_rtsp_server.vcxproj" (Build target(s)) -- FAILED.

Build FAILED.

Time Elapsed 00:00:00.35
